2020-04-09 21:14:33,357 - D:/py_project/NER/AdversialTransferLearning/data_processor.py[line:231] - INFO:   Num steps = 54146
2020-04-09 21:14:42,207 - D:/py_project/NER/AdversialTransferLearning/data_processor.py[line:197] - INFO: -----------------Example-----------------
2020-04-09 21:14:42,208 - D:/py_project/NER/AdversialTransferLearning/data_processor.py[line:198] - INFO: guid: 0
2020-04-09 21:14:42,208 - D:/py_project/NER/AdversialTransferLearning/data_processor.py[line:200] - INFO: tokens: [CLS] 在 发 展 中 国 家 中 , 墨 西 哥 是 儿 童 卫 生 防 疫 接 种 工 作 搞 得 比 较 好 的 。 [SEP]
2020-04-09 21:14:42,208 - D:/py_project/NER/AdversialTransferLearning/data_processor.py[line:201] - INFO: input_ids: 101 1762 1355 2245 704 1744 2157 704 117 1874 6205 1520 3221 1036 4997 1310 4495 7344 4554 2970 4905 2339 868 3018 2533 3683 6772 1962 4638 511 102 0 0 0 0 0 0 0 0 0 0 0 0 0 0 0 0 0 0 0 0 0 0 0 0 0 0 0 0 0 0 0 0 0 0 0 0 0 0 0 0 0 0 0 0 0 0 0 0 0 0 0 0 0 0 0 0 0 0 0 0 0 0 0 0 0 0 0 0 0 0 0 0 0 0 0 0 0 0 0 0 0 0 0 0 0 0 0 0 0 0 0 0 0 0 0 0 0 0 0 0 0 0 0 0 0 0 0 0 0 0 0 0 0 0 0 0 0 0 0
2020-04-09 21:14:42,209 - D:/py_project/NER/AdversialTransferLearning/data_processor.py[line:202] - INFO: input_mask: 1 1 1 1 1 1 1 1 1 1 1 1 1 1 1 1 1 1 1 1 1 1 1 1 1 1 1 1 1 1 1 0 0 0 0 0 0 0 0 0 0 0 0 0 0 0 0 0 0 0 0 0 0 0 0 0 0 0 0 0 0 0 0 0 0 0 0 0 0 0 0 0 0 0 0 0 0 0 0 0 0 0 0 0 0 0 0 0 0 0 0 0 0 0 0 0 0 0 0 0 0 0 0 0 0 0 0 0 0 0 0 0 0 0 0 0 0 0 0 0 0 0 0 0 0 0 0 0 0 0 0 0 0 0 0 0 0 0 0 0 0 0 0 0 0 0 0 0 0 0
2020-04-09 21:14:42,209 - D:/py_project/NER/AdversialTransferLearning/data_processor.py[line:203] - INFO: label: 4 9 9 9 9 9 9 9 9 0 10 10 9 9 9 9 9 9 9 9 9 9 9 9 9 9 9 9 9 9 8 0 0 0 0 0 0 0 0 0 0 0 0 0 0 0 0 0 0 0 0 0 0 0 0 0 0 0 0 0 0 0 0 0 0 0 0 0 0 0 0 0 0 0 0 0 0 0 0 0 0 0 0 0 0 0 0 0 0 0 0 0 0 0 0 0 0 0 0 0 0 0 0 0 0 0 0 0 0 0 0 0 0 0 0 0 0 0 0 0 0 0 0 0 0 0 0 0 0 0 0 0 0 0 0 0 0 0 0 0 0 0 0 0 0 0 0 0 0 0 
2020-04-09 21:14:42,209 - D:/py_project/NER/AdversialTransferLearning/data_processor.py[line:204] - INFO: output_mask: 1 1 1 1 1 1 1 1 1 1 1 1 1 1 1 1 1 1 1 1 1 1 1 1 1 1 1 1 1 1 1 0 0 0 0 0 0 0 0 0 0 0 0 0 0 0 0 0 0 0 0 0 0 0 0 0 0 0 0 0 0 0 0 0 0 0 0 0 0 0 0 0 0 0 0 0 0 0 0 0 0 0 0 0 0 0 0 0 0 0 0 0 0 0 0 0 0 0 0 0 0 0 0 0 0 0 0 0 0 0 0 0 0 0 0 0 0 0 0 0 0 0 0 0 0 0 0 0 0 0 0 0 0 0 0 0 0 0 0 0 0 0 0 0 0 0 0 0 0 0 
2020-04-09 21:22:37,809 - D:/py_project/NER/AdversialTransferLearning/data_processor.py[line:250] - INFO:   Num examples = 54146
2020-04-09 21:22:39,207 - D:/py_project/NER/AdversialTransferLearning/data_processor.py[line:251] - INFO:   Batch size = 16
2020-04-09 21:25:03,702 - D:/py_project/NER/AdversialTransferLearning/data_processor.py[line:231] - INFO:   Num steps = 54146
2020-04-09 21:25:03,704 - D:/py_project/NER/AdversialTransferLearning/data_processor.py[line:197] - INFO: -----------------Example-----------------
2020-04-09 21:25:03,704 - D:/py_project/NER/AdversialTransferLearning/data_processor.py[line:198] - INFO: guid: 0
2020-04-09 21:25:03,704 - D:/py_project/NER/AdversialTransferLearning/data_processor.py[line:200] - INFO: tokens: [CLS] 在 发 展 中 国 家 中 , 墨 西 哥 是 儿 童 卫 生 防 疫 接 种 工 作 搞 得 比 较 好 的 。 [SEP]
2020-04-09 21:25:03,704 - D:/py_project/NER/AdversialTransferLearning/data_processor.py[line:201] - INFO: input_ids: 101 1762 1355 2245 704 1744 2157 704 117 1874 6205 1520 3221 1036 4997 1310 4495 7344 4554 2970 4905 2339 868 3018 2533 3683 6772 1962 4638 511 102 0 0 0 0 0 0 0 0 0 0 0 0 0 0 0 0 0 0 0 0 0 0 0 0 0 0 0 0 0 0 0 0 0 0 0 0 0 0 0 0 0 0 0 0 0 0 0 0 0 0 0 0 0 0 0 0 0 0 0 0 0 0 0 0 0 0 0 0 0 0 0 0 0 0 0 0 0 0 0 0 0 0 0 0 0 0 0 0 0 0 0 0 0 0 0 0 0 0 0 0 0 0 0 0 0 0 0 0 0 0 0 0 0 0 0 0 0 0 0
2020-04-09 21:25:03,704 - D:/py_project/NER/AdversialTransferLearning/data_processor.py[line:202] - INFO: input_mask: 1 1 1 1 1 1 1 1 1 1 1 1 1 1 1 1 1 1 1 1 1 1 1 1 1 1 1 1 1 1 1 0 0 0 0 0 0 0 0 0 0 0 0 0 0 0 0 0 0 0 0 0 0 0 0 0 0 0 0 0 0 0 0 0 0 0 0 0 0 0 0 0 0 0 0 0 0 0 0 0 0 0 0 0 0 0 0 0 0 0 0 0 0 0 0 0 0 0 0 0 0 0 0 0 0 0 0 0 0 0 0 0 0 0 0 0 0 0 0 0 0 0 0 0 0 0 0 0 0 0 0 0 0 0 0 0 0 0 0 0 0 0 0 0 0 0 0 0 0 0
2020-04-09 21:25:03,704 - D:/py_project/NER/AdversialTransferLearning/data_processor.py[line:203] - INFO: label: 4 9 9 9 9 9 9 9 9 0 10 10 9 9 9 9 9 9 9 9 9 9 9 9 9 9 9 9 9 9 8 0 0 0 0 0 0 0 0 0 0 0 0 0 0 0 0 0 0 0 0 0 0 0 0 0 0 0 0 0 0 0 0 0 0 0 0 0 0 0 0 0 0 0 0 0 0 0 0 0 0 0 0 0 0 0 0 0 0 0 0 0 0 0 0 0 0 0 0 0 0 0 0 0 0 0 0 0 0 0 0 0 0 0 0 0 0 0 0 0 0 0 0 0 0 0 0 0 0 0 0 0 0 0 0 0 0 0 0 0 0 0 0 0 0 0 0 0 0 0 
2020-04-09 21:25:03,704 - D:/py_project/NER/AdversialTransferLearning/data_processor.py[line:204] - INFO: output_mask: 1 1 1 1 1 1 1 1 1 1 1 1 1 1 1 1 1 1 1 1 1 1 1 1 1 1 1 1 1 1 1 0 0 0 0 0 0 0 0 0 0 0 0 0 0 0 0 0 0 0 0 0 0 0 0 0 0 0 0 0 0 0 0 0 0 0 0 0 0 0 0 0 0 0 0 0 0 0 0 0 0 0 0 0 0 0 0 0 0 0 0 0 0 0 0 0 0 0 0 0 0 0 0 0 0 0 0 0 0 0 0 0 0 0 0 0 0 0 0 0 0 0 0 0 0 0 0 0 0 0 0 0 0 0 0 0 0 0 0 0 0 0 0 0 0 0 0 0 0 0 
2020-04-09 21:26:09,537 - D:/py_project/NER/AdversialTransferLearning/data_processor.py[line:250] - INFO:   Num examples = 54146
2020-04-09 21:26:09,537 - D:/py_project/NER/AdversialTransferLearning/data_processor.py[line:251] - INFO:   Batch size = 16
2020-04-09 21:26:55,086 - D:/py_project/NER/AdversialTransferLearning/data_processor.py[line:231] - INFO:   Num steps = 54146
2020-04-09 21:26:55,087 - D:/py_project/NER/AdversialTransferLearning/data_processor.py[line:197] - INFO: -----------------Example-----------------
2020-04-09 21:26:55,088 - D:/py_project/NER/AdversialTransferLearning/data_processor.py[line:198] - INFO: guid: 0
2020-04-09 21:26:55,088 - D:/py_project/NER/AdversialTransferLearning/data_processor.py[line:200] - INFO: tokens: [CLS] 在 发 展 中 国 家 中 , 墨 西 哥 是 儿 童 卫 生 防 疫 接 种 工 作 搞 得 比 较 好 的 。 [SEP]
2020-04-09 21:26:55,088 - D:/py_project/NER/AdversialTransferLearning/data_processor.py[line:201] - INFO: input_ids: 101 1762 1355 2245 704 1744 2157 704 117 1874 6205 1520 3221 1036 4997 1310 4495 7344 4554 2970 4905 2339 868 3018 2533 3683 6772 1962 4638 511 102 0 0 0 0 0 0 0 0 0 0 0 0 0 0 0 0 0 0 0 0 0 0 0 0 0 0 0 0 0 0 0 0 0 0 0 0 0 0 0 0 0 0 0 0 0 0 0 0 0 0 0 0 0 0 0 0 0 0 0 0 0 0 0 0 0 0 0 0 0 0 0 0 0 0 0 0 0 0 0 0 0 0 0 0 0 0 0 0 0 0 0 0 0 0 0 0 0 0 0 0 0 0 0 0 0 0 0 0 0 0 0 0 0 0 0 0 0 0 0
2020-04-09 21:26:55,088 - D:/py_project/NER/AdversialTransferLearning/data_processor.py[line:202] - INFO: input_mask: 1 1 1 1 1 1 1 1 1 1 1 1 1 1 1 1 1 1 1 1 1 1 1 1 1 1 1 1 1 1 1 0 0 0 0 0 0 0 0 0 0 0 0 0 0 0 0 0 0 0 0 0 0 0 0 0 0 0 0 0 0 0 0 0 0 0 0 0 0 0 0 0 0 0 0 0 0 0 0 0 0 0 0 0 0 0 0 0 0 0 0 0 0 0 0 0 0 0 0 0 0 0 0 0 0 0 0 0 0 0 0 0 0 0 0 0 0 0 0 0 0 0 0 0 0 0 0 0 0 0 0 0 0 0 0 0 0 0 0 0 0 0 0 0 0 0 0 0 0 0
2020-04-09 21:26:55,088 - D:/py_project/NER/AdversialTransferLearning/data_processor.py[line:203] - INFO: label: 4 9 9 9 9 9 9 9 9 0 10 10 9 9 9 9 9 9 9 9 9 9 9 9 9 9 9 9 9 9 8 0 0 0 0 0 0 0 0 0 0 0 0 0 0 0 0 0 0 0 0 0 0 0 0 0 0 0 0 0 0 0 0 0 0 0 0 0 0 0 0 0 0 0 0 0 0 0 0 0 0 0 0 0 0 0 0 0 0 0 0 0 0 0 0 0 0 0 0 0 0 0 0 0 0 0 0 0 0 0 0 0 0 0 0 0 0 0 0 0 0 0 0 0 0 0 0 0 0 0 0 0 0 0 0 0 0 0 0 0 0 0 0 0 0 0 0 0 0 0 
2020-04-09 21:26:55,088 - D:/py_project/NER/AdversialTransferLearning/data_processor.py[line:204] - INFO: output_mask: 1 1 1 1 1 1 1 1 1 1 1 1 1 1 1 1 1 1 1 1 1 1 1 1 1 1 1 1 1 1 1 0 0 0 0 0 0 0 0 0 0 0 0 0 0 0 0 0 0 0 0 0 0 0 0 0 0 0 0 0 0 0 0 0 0 0 0 0 0 0 0 0 0 0 0 0 0 0 0 0 0 0 0 0 0 0 0 0 0 0 0 0 0 0 0 0 0 0 0 0 0 0 0 0 0 0 0 0 0 0 0 0 0 0 0 0 0 0 0 0 0 0 0 0 0 0 0 0 0 0 0 0 0 0 0 0 0 0 0 0 0 0 0 0 0 0 0 0 0 0 
2020-04-09 21:28:01,568 - D:/py_project/NER/AdversialTransferLearning/data_processor.py[line:250] - INFO:   Num examples = 54146
2020-04-09 21:28:01,569 - D:/py_project/NER/AdversialTransferLearning/data_processor.py[line:251] - INFO:   Batch size = 16
2020-04-09 21:30:54,084 - D:/py_project/NER/AdversialTransferLearning/data_processor.py[line:231] - INFO:   Num steps = 54146
2020-04-09 21:30:54,085 - D:/py_project/NER/AdversialTransferLearning/data_processor.py[line:197] - INFO: -----------------Example-----------------
2020-04-09 21:30:54,085 - D:/py_project/NER/AdversialTransferLearning/data_processor.py[line:198] - INFO: guid: 0
2020-04-09 21:30:54,085 - D:/py_project/NER/AdversialTransferLearning/data_processor.py[line:200] - INFO: tokens: [CLS] 在 发 展 中 国 家 中 , 墨 西 哥 是 儿 童 卫 生 防 疫 接 种 工 作 搞 得 比 较 好 的 。 [SEP]
2020-04-09 21:30:54,086 - D:/py_project/NER/AdversialTransferLearning/data_processor.py[line:201] - INFO: input_ids: 101 1762 1355 2245 704 1744 2157 704 117 1874 6205 1520 3221 1036 4997 1310 4495 7344 4554 2970 4905 2339 868 3018 2533 3683 6772 1962 4638 511 102 0 0 0 0 0 0 0 0 0 0 0 0 0 0 0 0 0 0 0 0 0 0 0 0 0 0 0 0 0 0 0 0 0 0 0 0 0 0 0 0 0 0 0 0 0 0 0 0 0 0 0 0 0 0 0 0 0 0 0 0 0 0 0 0 0 0 0 0 0 0 0 0 0 0 0 0 0 0 0 0 0 0 0 0 0 0 0 0 0 0 0 0 0 0 0 0 0 0 0 0 0 0 0 0 0 0 0 0 0 0 0 0 0 0 0 0 0 0 0
2020-04-09 21:30:54,086 - D:/py_project/NER/AdversialTransferLearning/data_processor.py[line:202] - INFO: input_mask: 1 1 1 1 1 1 1 1 1 1 1 1 1 1 1 1 1 1 1 1 1 1 1 1 1 1 1 1 1 1 1 0 0 0 0 0 0 0 0 0 0 0 0 0 0 0 0 0 0 0 0 0 0 0 0 0 0 0 0 0 0 0 0 0 0 0 0 0 0 0 0 0 0 0 0 0 0 0 0 0 0 0 0 0 0 0 0 0 0 0 0 0 0 0 0 0 0 0 0 0 0 0 0 0 0 0 0 0 0 0 0 0 0 0 0 0 0 0 0 0 0 0 0 0 0 0 0 0 0 0 0 0 0 0 0 0 0 0 0 0 0 0 0 0 0 0 0 0 0 0
2020-04-09 21:30:54,086 - D:/py_project/NER/AdversialTransferLearning/data_processor.py[line:203] - INFO: label: 4 9 9 9 9 9 9 9 9 0 10 10 9 9 9 9 9 9 9 9 9 9 9 9 9 9 9 9 9 9 8 0 0 0 0 0 0 0 0 0 0 0 0 0 0 0 0 0 0 0 0 0 0 0 0 0 0 0 0 0 0 0 0 0 0 0 0 0 0 0 0 0 0 0 0 0 0 0 0 0 0 0 0 0 0 0 0 0 0 0 0 0 0 0 0 0 0 0 0 0 0 0 0 0 0 0 0 0 0 0 0 0 0 0 0 0 0 0 0 0 0 0 0 0 0 0 0 0 0 0 0 0 0 0 0 0 0 0 0 0 0 0 0 0 0 0 0 0 0 0 
2020-04-09 21:30:54,086 - D:/py_project/NER/AdversialTransferLearning/data_processor.py[line:204] - INFO: output_mask: 1 1 1 1 1 1 1 1 1 1 1 1 1 1 1 1 1 1 1 1 1 1 1 1 1 1 1 1 1 1 1 0 0 0 0 0 0 0 0 0 0 0 0 0 0 0 0 0 0 0 0 0 0 0 0 0 0 0 0 0 0 0 0 0 0 0 0 0 0 0 0 0 0 0 0 0 0 0 0 0 0 0 0 0 0 0 0 0 0 0 0 0 0 0 0 0 0 0 0 0 0 0 0 0 0 0 0 0 0 0 0 0 0 0 0 0 0 0 0 0 0 0 0 0 0 0 0 0 0 0 0 0 0 0 0 0 0 0 0 0 0 0 0 0 0 0 0 0 0 0 
2020-04-09 21:31:30,287 - D:/py_project/NER/AdversialTransferLearning/data_processor.py[line:231] - INFO:   Num steps = 54146
2020-04-09 21:31:30,288 - D:/py_project/NER/AdversialTransferLearning/data_processor.py[line:197] - INFO: -----------------Example-----------------
2020-04-09 21:31:30,288 - D:/py_project/NER/AdversialTransferLearning/data_processor.py[line:198] - INFO: guid: 0
2020-04-09 21:31:30,288 - D:/py_project/NER/AdversialTransferLearning/data_processor.py[line:200] - INFO: tokens: [CLS] 在 发 展 中 国 家 中 , 墨 西 哥 是 儿 童 卫 生 防 疫 接 种 工 作 搞 得 比 较 好 的 。 [SEP]
2020-04-09 21:31:30,289 - D:/py_project/NER/AdversialTransferLearning/data_processor.py[line:201] - INFO: input_ids: 101 1762 1355 2245 704 1744 2157 704 117 1874 6205 1520 3221 1036 4997 1310 4495 7344 4554 2970 4905 2339 868 3018 2533 3683 6772 1962 4638 511 102 0 0 0 0 0 0 0 0 0 0 0 0 0 0 0 0 0 0 0 0 0 0 0 0 0 0 0 0 0 0 0 0 0 0 0 0 0 0 0 0 0 0 0 0 0 0 0 0 0 0 0 0 0 0 0 0 0 0 0 0 0 0 0 0 0 0 0 0 0 0 0 0 0 0 0 0 0 0 0 0 0 0 0 0 0 0 0 0 0 0 0 0 0 0 0 0 0 0 0 0 0 0 0 0 0 0 0 0 0 0 0 0 0 0 0 0 0 0 0
2020-04-09 21:31:30,289 - D:/py_project/NER/AdversialTransferLearning/data_processor.py[line:202] - INFO: input_mask: 1 1 1 1 1 1 1 1 1 1 1 1 1 1 1 1 1 1 1 1 1 1 1 1 1 1 1 1 1 1 1 0 0 0 0 0 0 0 0 0 0 0 0 0 0 0 0 0 0 0 0 0 0 0 0 0 0 0 0 0 0 0 0 0 0 0 0 0 0 0 0 0 0 0 0 0 0 0 0 0 0 0 0 0 0 0 0 0 0 0 0 0 0 0 0 0 0 0 0 0 0 0 0 0 0 0 0 0 0 0 0 0 0 0 0 0 0 0 0 0 0 0 0 0 0 0 0 0 0 0 0 0 0 0 0 0 0 0 0 0 0 0 0 0 0 0 0 0 0 0
2020-04-09 21:31:30,289 - D:/py_project/NER/AdversialTransferLearning/data_processor.py[line:203] - INFO: label: 4 9 9 9 9 9 9 9 9 0 10 10 9 9 9 9 9 9 9 9 9 9 9 9 9 9 9 9 9 9 8 0 0 0 0 0 0 0 0 0 0 0 0 0 0 0 0 0 0 0 0 0 0 0 0 0 0 0 0 0 0 0 0 0 0 0 0 0 0 0 0 0 0 0 0 0 0 0 0 0 0 0 0 0 0 0 0 0 0 0 0 0 0 0 0 0 0 0 0 0 0 0 0 0 0 0 0 0 0 0 0 0 0 0 0 0 0 0 0 0 0 0 0 0 0 0 0 0 0 0 0 0 0 0 0 0 0 0 0 0 0 0 0 0 0 0 0 0 0 0 
2020-04-09 21:31:30,289 - D:/py_project/NER/AdversialTransferLearning/data_processor.py[line:204] - INFO: output_mask: 1 1 1 1 1 1 1 1 1 1 1 1 1 1 1 1 1 1 1 1 1 1 1 1 1 1 1 1 1 1 1 0 0 0 0 0 0 0 0 0 0 0 0 0 0 0 0 0 0 0 0 0 0 0 0 0 0 0 0 0 0 0 0 0 0 0 0 0 0 0 0 0 0 0 0 0 0 0 0 0 0 0 0 0 0 0 0 0 0 0 0 0 0 0 0 0 0 0 0 0 0 0 0 0 0 0 0 0 0 0 0 0 0 0 0 0 0 0 0 0 0 0 0 0 0 0 0 0 0 0 0 0 0 0 0 0 0 0 0 0 0 0 0 0 0 0 0 0 0 0 
2020-04-09 21:32:36,267 - D:/py_project/NER/AdversialTransferLearning/data_processor.py[line:250] - INFO:   Num examples = 54146
2020-04-09 21:32:36,267 - D:/py_project/NER/AdversialTransferLearning/data_processor.py[line:251] - INFO:   Batch size = 16
2020-04-09 21:32:37,146 - D:/py_project/NER/AdversialTransferLearning/data_processor.py[line:197] - INFO: -----------------Example-----------------
2020-04-09 21:32:37,146 - D:/py_project/NER/AdversialTransferLearning/data_processor.py[line:198] - INFO: guid: 0
2020-04-09 21:32:37,146 - D:/py_project/NER/AdversialTransferLearning/data_processor.py[line:200] - INFO: tokens: [CLS] 我 们 可 以 根 据 自 己 的 专 业 知 识 做 一 些 专 业 调 研 , 可 以 更 好 地 提 出 一 些 意 见 、 建 议 。 [SEP]
2020-04-09 21:32:37,147 - D:/py_project/NER/AdversialTransferLearning/data_processor.py[line:201] - INFO: input_ids: 101 2769 812 1377 809 3418 2945 5632 2346 4638 683 689 4761 6399 976 671 763 683 689 6444 4777 117 1377 809 3291 1962 1765 2990 1139 671 763 2692 6224 510 2456 6379 511 102 0 0 0 0 0 0 0 0 0 0 0 0 0 0 0 0 0 0 0 0 0 0 0 0 0 0 0 0 0 0 0 0 0 0 0 0 0 0 0 0 0 0 0 0 0 0 0 0 0 0 0 0 0 0 0 0 0 0 0 0 0 0 0 0 0 0 0 0 0 0 0 0 0 0 0 0 0 0 0 0 0 0 0 0 0 0 0 0 0 0 0 0 0 0 0 0 0 0 0 0 0 0 0 0 0 0 0 0 0 0 0 0
2020-04-09 21:32:37,147 - D:/py_project/NER/AdversialTransferLearning/data_processor.py[line:202] - INFO: input_mask: 1 1 1 1 1 1 1 1 1 1 1 1 1 1 1 1 1 1 1 1 1 1 1 1 1 1 1 1 1 1 1 1 1 1 1 1 1 1 0 0 0 0 0 0 0 0 0 0 0 0 0 0 0 0 0 0 0 0 0 0 0 0 0 0 0 0 0 0 0 0 0 0 0 0 0 0 0 0 0 0 0 0 0 0 0 0 0 0 0 0 0 0 0 0 0 0 0 0 0 0 0 0 0 0 0 0 0 0 0 0 0 0 0 0 0 0 0 0 0 0 0 0 0 0 0 0 0 0 0 0 0 0 0 0 0 0 0 0 0 0 0 0 0 0 0 0 0 0 0 0
2020-04-09 21:32:37,147 - D:/py_project/NER/AdversialTransferLearning/data_processor.py[line:203] - INFO: label: 4 9 9 9 9 9 9 9 9 9 9 9 9 9 9 9 9 9 9 9 9 9 9 9 9 9 9 9 9 9 9 9 9 9 9 9 9 8 0 0 0 0 0 0 0 0 0 0 0 0 0 0 0 0 0 0 0 0 0 0 0 0 0 0 0 0 0 0 0 0 0 0 0 0 0 0 0 0 0 0 0 0 0 0 0 0 0 0 0 0 0 0 0 0 0 0 0 0 0 0 0 0 0 0 0 0 0 0 0 0 0 0 0 0 0 0 0 0 0 0 0 0 0 0 0 0 0 0 0 0 0 0 0 0 0 0 0 0 0 0 0 0 0 0 0 0 0 0 0 0 
2020-04-09 21:32:37,147 - D:/py_project/NER/AdversialTransferLearning/data_processor.py[line:204] - INFO: output_mask: 1 1 1 1 1 1 1 1 1 1 1 1 1 1 1 1 1 1 1 1 1 1 1 1 1 1 1 1 1 1 1 1 1 1 1 1 1 1 0 0 0 0 0 0 0 0 0 0 0 0 0 0 0 0 0 0 0 0 0 0 0 0 0 0 0 0 0 0 0 0 0 0 0 0 0 0 0 0 0 0 0 0 0 0 0 0 0 0 0 0 0 0 0 0 0 0 0 0 0 0 0 0 0 0 0 0 0 0 0 0 0 0 0 0 0 0 0 0 0 0 0 0 0 0 0 0 0 0 0 0 0 0 0 0 0 0 0 0 0 0 0 0 0 0 0 0 0 0 0 0 
2020-04-09 21:32:50,279 - D:/py_project/NER/AdversialTransferLearning/data_processor.py[line:250] - INFO:   Num examples = 10828
2020-04-09 21:32:50,279 - D:/py_project/NER/AdversialTransferLearning/data_processor.py[line:251] - INFO:   Batch size = 16
2020-04-09 21:32:50,568 - D:/py_project/NER/AdversialTransferLearning/data_processor.py[line:197] - INFO: -----------------Example-----------------
2020-04-09 21:32:50,568 - D:/py_project/NER/AdversialTransferLearning/data_processor.py[line:198] - INFO: guid: 0
2020-04-09 21:32:50,568 - D:/py_project/NER/AdversialTransferLearning/data_processor.py[line:200] - INFO: tokens: [CLS] [UNK] 商 业 生 态 系 统 [UNK] 需 要 照 料 和 更 新 , 兼 并 就 好 比 是 系 统 的 增 容 更 新 , 减 肥 则 好 比 物 种 的 优 化 组 合 。 [SEP]
2020-04-09 21:32:50,568 - D:/py_project/NER/AdversialTransferLearning/data_processor.py[line:201] - INFO: input_ids: 101 100 1555 689 4495 2578 5143 5320 100 7444 6206 4212 3160 1469 3291 3173 117 1076 2400 2218 1962 3683 3221 5143 5320 4638 1872 2159 3291 3173 117 1121 5503 1156 1962 3683 4289 4905 4638 831 1265 5299 1394 511 102 0 0 0 0 0 0 0 0 0 0 0 0 0 0 0 0 0 0 0 0 0 0 0 0 0 0 0 0 0 0 0 0 0 0 0 0 0 0 0 0 0 0 0 0 0 0 0 0 0 0 0 0 0 0 0 0 0 0 0 0 0 0 0 0 0 0 0 0 0 0 0 0 0 0 0 0 0 0 0 0 0 0 0 0 0 0 0 0 0 0 0 0 0 0 0 0 0 0 0 0 0 0 0 0 0
2020-04-09 21:32:50,569 - D:/py_project/NER/AdversialTransferLearning/data_processor.py[line:202] - INFO: input_mask: 1 1 1 1 1 1 1 1 1 1 1 1 1 1 1 1 1 1 1 1 1 1 1 1 1 1 1 1 1 1 1 1 1 1 1 1 1 1 1 1 1 1 1 1 1 0 0 0 0 0 0 0 0 0 0 0 0 0 0 0 0 0 0 0 0 0 0 0 0 0 0 0 0 0 0 0 0 0 0 0 0 0 0 0 0 0 0 0 0 0 0 0 0 0 0 0 0 0 0 0 0 0 0 0 0 0 0 0 0 0 0 0 0 0 0 0 0 0 0 0 0 0 0 0 0 0 0 0 0 0 0 0 0 0 0 0 0 0 0 0 0 0 0 0 0 0 0 0 0 0
2020-04-09 21:32:50,569 - D:/py_project/NER/AdversialTransferLearning/data_processor.py[line:203] - INFO: label: 4 9 9 9 9 9 9 9 9 9 9 9 9 9 9 9 9 9 9 9 9 9 9 9 9 9 9 9 9 9 9 9 9 9 9 9 9 9 9 9 9 9 9 9 8 0 0 0 0 0 0 0 0 0 0 0 0 0 0 0 0 0 0 0 0 0 0 0 0 0 0 0 0 0 0 0 0 0 0 0 0 0 0 0 0 0 0 0 0 0 0 0 0 0 0 0 0 0 0 0 0 0 0 0 0 0 0 0 0 0 0 0 0 0 0 0 0 0 0 0 0 0 0 0 0 0 0 0 0 0 0 0 0 0 0 0 0 0 0 0 0 0 0 0 0 0 0 0 0 0 
2020-04-09 21:32:50,569 - D:/py_project/NER/AdversialTransferLearning/data_processor.py[line:204] - INFO: output_mask: 1 1 1 1 1 1 1 1 1 1 1 1 1 1 1 1 1 1 1 1 1 1 1 1 1 1 1 1 1 1 1 1 1 1 1 1 1 1 1 1 1 1 1 1 1 0 0 0 0 0 0 0 0 0 0 0 0 0 0 0 0 0 0 0 0 0 0 0 0 0 0 0 0 0 0 0 0 0 0 0 0 0 0 0 0 0 0 0 0 0 0 0 0 0 0 0 0 0 0 0 0 0 0 0 0 0 0 0 0 0 0 0 0 0 0 0 0 0 0 0 0 0 0 0 0 0 0 0 0 0 0 0 0 0 0 0 0 0 0 0 0 0 0 0 0 0 0 0 0 0 
2020-04-09 21:32:59,273 - D:/py_project/NER/AdversialTransferLearning/data_processor.py[line:250] - INFO:   Num examples = 7219
2020-04-09 21:32:59,273 - D:/py_project/NER/AdversialTransferLearning/data_processor.py[line:251] - INFO:   Batch size = 16
2020-04-09 21:34:46,614 - D:/py_project/NER/AdversialTransferLearning/data_processor.py[line:231] - INFO:   Num steps = 54146
2020-04-09 21:34:46,615 - D:/py_project/NER/AdversialTransferLearning/data_processor.py[line:197] - INFO: -----------------Example-----------------
2020-04-09 21:34:46,615 - D:/py_project/NER/AdversialTransferLearning/data_processor.py[line:198] - INFO: guid: 0
2020-04-09 21:34:46,615 - D:/py_project/NER/AdversialTransferLearning/data_processor.py[line:200] - INFO: tokens: [CLS] 在 发 展 中 国 家 中 , 墨 西 哥 是 儿 童 卫 生 防 疫 接 种 工 作 搞 得 比 较 好 的 。 [SEP]
2020-04-09 21:34:46,616 - D:/py_project/NER/AdversialTransferLearning/data_processor.py[line:201] - INFO: input_ids: 101 1762 1355 2245 704 1744 2157 704 117 1874 6205 1520 3221 1036 4997 1310 4495 7344 4554 2970 4905 2339 868 3018 2533 3683 6772 1962 4638 511 102 0 0 0 0 0 0 0 0 0 0 0 0 0 0 0 0 0 0 0 0 0 0 0 0 0 0 0 0 0 0 0 0 0 0 0 0 0 0 0 0 0 0 0 0 0 0 0 0 0 0 0 0 0 0 0 0 0 0 0 0 0 0 0 0 0 0 0 0 0 0 0 0 0 0 0 0 0 0 0 0 0 0 0 0 0 0 0 0 0 0 0 0 0 0 0 0 0 0 0 0 0 0 0 0 0 0 0 0 0 0 0 0 0 0 0 0 0 0 0
2020-04-09 21:34:46,616 - D:/py_project/NER/AdversialTransferLearning/data_processor.py[line:202] - INFO: input_mask: 1 1 1 1 1 1 1 1 1 1 1 1 1 1 1 1 1 1 1 1 1 1 1 1 1 1 1 1 1 1 1 0 0 0 0 0 0 0 0 0 0 0 0 0 0 0 0 0 0 0 0 0 0 0 0 0 0 0 0 0 0 0 0 0 0 0 0 0 0 0 0 0 0 0 0 0 0 0 0 0 0 0 0 0 0 0 0 0 0 0 0 0 0 0 0 0 0 0 0 0 0 0 0 0 0 0 0 0 0 0 0 0 0 0 0 0 0 0 0 0 0 0 0 0 0 0 0 0 0 0 0 0 0 0 0 0 0 0 0 0 0 0 0 0 0 0 0 0 0 0
2020-04-09 21:34:46,616 - D:/py_project/NER/AdversialTransferLearning/data_processor.py[line:203] - INFO: label: 4 9 9 9 9 9 9 9 9 0 10 10 9 9 9 9 9 9 9 9 9 9 9 9 9 9 9 9 9 9 8 0 0 0 0 0 0 0 0 0 0 0 0 0 0 0 0 0 0 0 0 0 0 0 0 0 0 0 0 0 0 0 0 0 0 0 0 0 0 0 0 0 0 0 0 0 0 0 0 0 0 0 0 0 0 0 0 0 0 0 0 0 0 0 0 0 0 0 0 0 0 0 0 0 0 0 0 0 0 0 0 0 0 0 0 0 0 0 0 0 0 0 0 0 0 0 0 0 0 0 0 0 0 0 0 0 0 0 0 0 0 0 0 0 0 0 0 0 0 0 
2020-04-09 21:34:46,616 - D:/py_project/NER/AdversialTransferLearning/data_processor.py[line:204] - INFO: output_mask: 1 1 1 1 1 1 1 1 1 1 1 1 1 1 1 1 1 1 1 1 1 1 1 1 1 1 1 1 1 1 1 0 0 0 0 0 0 0 0 0 0 0 0 0 0 0 0 0 0 0 0 0 0 0 0 0 0 0 0 0 0 0 0 0 0 0 0 0 0 0 0 0 0 0 0 0 0 0 0 0 0 0 0 0 0 0 0 0 0 0 0 0 0 0 0 0 0 0 0 0 0 0 0 0 0 0 0 0 0 0 0 0 0 0 0 0 0 0 0 0 0 0 0 0 0 0 0 0 0 0 0 0 0 0 0 0 0 0 0 0 0 0 0 0 0 0 0 0 0 0 
2020-04-09 21:35:52,626 - D:/py_project/NER/AdversialTransferLearning/data_processor.py[line:250] - INFO:   Num examples = 54146
2020-04-09 21:35:52,627 - D:/py_project/NER/AdversialTransferLearning/data_processor.py[line:251] - INFO:   Batch size = 16
2020-04-09 21:35:53,569 - D:/py_project/NER/AdversialTransferLearning/data_processor.py[line:197] - INFO: -----------------Example-----------------
2020-04-09 21:35:53,569 - D:/py_project/NER/AdversialTransferLearning/data_processor.py[line:198] - INFO: guid: 0
2020-04-09 21:35:53,569 - D:/py_project/NER/AdversialTransferLearning/data_processor.py[line:200] - INFO: tokens: [CLS] 我 们 可 以 根 据 自 己 的 专 业 知 识 做 一 些 专 业 调 研 , 可 以 更 好 地 提 出 一 些 意 见 、 建 议 。 [SEP]
2020-04-09 21:35:53,570 - D:/py_project/NER/AdversialTransferLearning/data_processor.py[line:201] - INFO: input_ids: 101 2769 812 1377 809 3418 2945 5632 2346 4638 683 689 4761 6399 976 671 763 683 689 6444 4777 117 1377 809 3291 1962 1765 2990 1139 671 763 2692 6224 510 2456 6379 511 102 0 0 0 0 0 0 0 0 0 0 0 0 0 0 0 0 0 0 0 0 0 0 0 0 0 0 0 0 0 0 0 0 0 0 0 0 0 0 0 0 0 0 0 0 0 0 0 0 0 0 0 0 0 0 0 0 0 0 0 0 0 0 0 0 0 0 0 0 0 0 0 0 0 0 0 0 0 0 0 0 0 0 0 0 0 0 0 0 0 0 0 0 0 0 0 0 0 0 0 0 0 0 0 0 0 0 0 0 0 0 0 0
2020-04-09 21:35:53,570 - D:/py_project/NER/AdversialTransferLearning/data_processor.py[line:202] - INFO: input_mask: 1 1 1 1 1 1 1 1 1 1 1 1 1 1 1 1 1 1 1 1 1 1 1 1 1 1 1 1 1 1 1 1 1 1 1 1 1 1 0 0 0 0 0 0 0 0 0 0 0 0 0 0 0 0 0 0 0 0 0 0 0 0 0 0 0 0 0 0 0 0 0 0 0 0 0 0 0 0 0 0 0 0 0 0 0 0 0 0 0 0 0 0 0 0 0 0 0 0 0 0 0 0 0 0 0 0 0 0 0 0 0 0 0 0 0 0 0 0 0 0 0 0 0 0 0 0 0 0 0 0 0 0 0 0 0 0 0 0 0 0 0 0 0 0 0 0 0 0 0 0
2020-04-09 21:35:53,570 - D:/py_project/NER/AdversialTransferLearning/data_processor.py[line:203] - INFO: label: 4 9 9 9 9 9 9 9 9 9 9 9 9 9 9 9 9 9 9 9 9 9 9 9 9 9 9 9 9 9 9 9 9 9 9 9 9 8 0 0 0 0 0 0 0 0 0 0 0 0 0 0 0 0 0 0 0 0 0 0 0 0 0 0 0 0 0 0 0 0 0 0 0 0 0 0 0 0 0 0 0 0 0 0 0 0 0 0 0 0 0 0 0 0 0 0 0 0 0 0 0 0 0 0 0 0 0 0 0 0 0 0 0 0 0 0 0 0 0 0 0 0 0 0 0 0 0 0 0 0 0 0 0 0 0 0 0 0 0 0 0 0 0 0 0 0 0 0 0 0 
2020-04-09 21:35:53,570 - D:/py_project/NER/AdversialTransferLearning/data_processor.py[line:204] - INFO: output_mask: 1 1 1 1 1 1 1 1 1 1 1 1 1 1 1 1 1 1 1 1 1 1 1 1 1 1 1 1 1 1 1 1 1 1 1 1 1 1 0 0 0 0 0 0 0 0 0 0 0 0 0 0 0 0 0 0 0 0 0 0 0 0 0 0 0 0 0 0 0 0 0 0 0 0 0 0 0 0 0 0 0 0 0 0 0 0 0 0 0 0 0 0 0 0 0 0 0 0 0 0 0 0 0 0 0 0 0 0 0 0 0 0 0 0 0 0 0 0 0 0 0 0 0 0 0 0 0 0 0 0 0 0 0 0 0 0 0 0 0 0 0 0 0 0 0 0 0 0 0 0 
2020-04-09 21:36:06,622 - D:/py_project/NER/AdversialTransferLearning/data_processor.py[line:250] - INFO:   Num examples = 10828
2020-04-09 21:36:06,622 - D:/py_project/NER/AdversialTransferLearning/data_processor.py[line:251] - INFO:   Batch size = 16
2020-04-09 21:36:06,909 - D:/py_project/NER/AdversialTransferLearning/data_processor.py[line:197] - INFO: -----------------Example-----------------
2020-04-09 21:36:06,909 - D:/py_project/NER/AdversialTransferLearning/data_processor.py[line:198] - INFO: guid: 0
2020-04-09 21:36:06,909 - D:/py_project/NER/AdversialTransferLearning/data_processor.py[line:200] - INFO: tokens: [CLS] [UNK] 商 业 生 态 系 统 [UNK] 需 要 照 料 和 更 新 , 兼 并 就 好 比 是 系 统 的 增 容 更 新 , 减 肥 则 好 比 物 种 的 优 化 组 合 。 [SEP]
2020-04-09 21:36:06,909 - D:/py_project/NER/AdversialTransferLearning/data_processor.py[line:201] - INFO: input_ids: 101 100 1555 689 4495 2578 5143 5320 100 7444 6206 4212 3160 1469 3291 3173 117 1076 2400 2218 1962 3683 3221 5143 5320 4638 1872 2159 3291 3173 117 1121 5503 1156 1962 3683 4289 4905 4638 831 1265 5299 1394 511 102 0 0 0 0 0 0 0 0 0 0 0 0 0 0 0 0 0 0 0 0 0 0 0 0 0 0 0 0 0 0 0 0 0 0 0 0 0 0 0 0 0 0 0 0 0 0 0 0 0 0 0 0 0 0 0 0 0 0 0 0 0 0 0 0 0 0 0 0 0 0 0 0 0 0 0 0 0 0 0 0 0 0 0 0 0 0 0 0 0 0 0 0 0 0 0 0 0 0 0 0 0 0 0 0 0
2020-04-09 21:36:06,909 - D:/py_project/NER/AdversialTransferLearning/data_processor.py[line:202] - INFO: input_mask: 1 1 1 1 1 1 1 1 1 1 1 1 1 1 1 1 1 1 1 1 1 1 1 1 1 1 1 1 1 1 1 1 1 1 1 1 1 1 1 1 1 1 1 1 1 0 0 0 0 0 0 0 0 0 0 0 0 0 0 0 0 0 0 0 0 0 0 0 0 0 0 0 0 0 0 0 0 0 0 0 0 0 0 0 0 0 0 0 0 0 0 0 0 0 0 0 0 0 0 0 0 0 0 0 0 0 0 0 0 0 0 0 0 0 0 0 0 0 0 0 0 0 0 0 0 0 0 0 0 0 0 0 0 0 0 0 0 0 0 0 0 0 0 0 0 0 0 0 0 0
2020-04-09 21:36:06,910 - D:/py_project/NER/AdversialTransferLearning/data_processor.py[line:203] - INFO: label: 4 9 9 9 9 9 9 9 9 9 9 9 9 9 9 9 9 9 9 9 9 9 9 9 9 9 9 9 9 9 9 9 9 9 9 9 9 9 9 9 9 9 9 9 8 0 0 0 0 0 0 0 0 0 0 0 0 0 0 0 0 0 0 0 0 0 0 0 0 0 0 0 0 0 0 0 0 0 0 0 0 0 0 0 0 0 0 0 0 0 0 0 0 0 0 0 0 0 0 0 0 0 0 0 0 0 0 0 0 0 0 0 0 0 0 0 0 0 0 0 0 0 0 0 0 0 0 0 0 0 0 0 0 0 0 0 0 0 0 0 0 0 0 0 0 0 0 0 0 0 
2020-04-09 21:36:06,910 - D:/py_project/NER/AdversialTransferLearning/data_processor.py[line:204] - INFO: output_mask: 1 1 1 1 1 1 1 1 1 1 1 1 1 1 1 1 1 1 1 1 1 1 1 1 1 1 1 1 1 1 1 1 1 1 1 1 1 1 1 1 1 1 1 1 1 0 0 0 0 0 0 0 0 0 0 0 0 0 0 0 0 0 0 0 0 0 0 0 0 0 0 0 0 0 0 0 0 0 0 0 0 0 0 0 0 0 0 0 0 0 0 0 0 0 0 0 0 0 0 0 0 0 0 0 0 0 0 0 0 0 0 0 0 0 0 0 0 0 0 0 0 0 0 0 0 0 0 0 0 0 0 0 0 0 0 0 0 0 0 0 0 0 0 0 0 0 0 0 0 0 
2020-04-09 21:36:15,509 - D:/py_project/NER/AdversialTransferLearning/data_processor.py[line:250] - INFO:   Num examples = 7219
2020-04-09 21:36:15,509 - D:/py_project/NER/AdversialTransferLearning/data_processor.py[line:251] - INFO:   Batch size = 16
2020-04-09 21:36:15,624 - D:/py_project/NER/AdversialTransferLearning/data_processor.py[line:231] - INFO:   Num steps = 1411
2020-04-09 21:36:15,625 - D:/py_project/NER/AdversialTransferLearning/data_processor.py[line:197] - INFO: -----------------Example-----------------
2020-04-09 21:36:15,625 - D:/py_project/NER/AdversialTransferLearning/data_processor.py[line:198] - INFO: guid: 0
2020-04-09 21:36:15,625 - D:/py_project/NER/AdversialTransferLearning/data_processor.py[line:200] - INFO: tokens: [CLS] 他 说 : 中 国 政 府 对 目 前 南 亚 出 现 的 核 军 备 竞 赛 的 局 势 深 感 忧 虑 和 不 安 。 [SEP]
2020-04-09 21:36:15,625 - D:/py_project/NER/AdversialTransferLearning/data_processor.py[line:201] - INFO: input_ids: 101 800 6432 131 704 1744 3124 2424 2190 4680 1184 1298 762 1139 4385 4638 3417 1092 1906 4993 6612 4638 2229 1232 3918 2697 2569 5991 1469 679 2128 511 102 0 0 0 0 0 0 0 0 0 0 0 0 0 0 0 0 0 0 0 0 0 0 0 0 0 0 0 0 0 0 0 0 0 0 0 0 0 0 0 0 0 0 0 0 0 0 0 0 0 0 0 0 0 0 0 0 0 0 0 0 0 0 0 0 0 0 0 0 0 0 0 0 0 0 0 0 0 0 0 0 0 0 0 0 0 0 0 0 0 0 0 0 0 0 0 0 0 0 0 0 0 0 0 0 0 0 0 0 0 0 0 0 0 0 0 0 0
2020-04-09 21:36:15,625 - D:/py_project/NER/AdversialTransferLearning/data_processor.py[line:202] - INFO: input_mask: 1 1 1 1 1 1 1 1 1 1 1 1 1 1 1 1 1 1 1 1 1 1 1 1 1 1 1 1 1 1 1 1 1 0 0 0 0 0 0 0 0 0 0 0 0 0 0 0 0 0 0 0 0 0 0 0 0 0 0 0 0 0 0 0 0 0 0 0 0 0 0 0 0 0 0 0 0 0 0 0 0 0 0 0 0 0 0 0 0 0 0 0 0 0 0 0 0 0 0 0 0 0 0 0 0 0 0 0 0 0 0 0 0 0 0 0 0 0 0 0 0 0 0 0 0 0 0 0 0 0 0 0 0 0 0 0 0 0 0 0 0 0 0 0 0 0 0 0 0 0
2020-04-09 21:36:15,625 - D:/py_project/NER/AdversialTransferLearning/data_processor.py[line:203] - INFO: label: 4 9 9 9 2 3 3 3 9 5 11 0 10 9 9 9 9 9 9 9 9 9 9 9 9 9 9 9 9 9 9 9 8 0 0 0 0 0 0 0 0 0 0 0 0 0 0 0 0 0 0 0 0 0 0 0 0 0 0 0 0 0 0 0 0 0 0 0 0 0 0 0 0 0 0 0 0 0 0 0 0 0 0 0 0 0 0 0 0 0 0 0 0 0 0 0 0 0 0 0 0 0 0 0 0 0 0 0 0 0 0 0 0 0 0 0 0 0 0 0 0 0 0 0 0 0 0 0 0 0 0 0 0 0 0 0 0 0 0 0 0 0 0 0 0 0 0 0 0 0 
2020-04-09 21:36:15,625 - D:/py_project/NER/AdversialTransferLearning/data_processor.py[line:204] - INFO: output_mask: 1 1 1 1 1 1 1 1 1 1 1 1 1 1 1 1 1 1 1 1 1 1 1 1 1 1 1 1 1 1 1 1 1 0 0 0 0 0 0 0 0 0 0 0 0 0 0 0 0 0 0 0 0 0 0 0 0 0 0 0 0 0 0 0 0 0 0 0 0 0 0 0 0 0 0 0 0 0 0 0 0 0 0 0 0 0 0 0 0 0 0 0 0 0 0 0 0 0 0 0 0 0 0 0 0 0 0 0 0 0 0 0 0 0 0 0 0 0 0 0 0 0 0 0 0 0 0 0 0 0 0 0 0 0 0 0 0 0 0 0 0 0 0 0 0 0 0 0 0 0 
2020-04-09 21:36:17,366 - D:/py_project/NER/AdversialTransferLearning/data_processor.py[line:250] - INFO:   Num examples = 1411
2020-04-09 21:36:17,366 - D:/py_project/NER/AdversialTransferLearning/data_processor.py[line:251] - INFO:   Batch size = 16
2020-04-09 21:36:17,402 - D:/py_project/NER/AdversialTransferLearning/data_processor.py[line:197] - INFO: -----------------Example-----------------
2020-04-09 21:36:17,403 - D:/py_project/NER/AdversialTransferLearning/data_processor.py[line:198] - INFO: guid: 0
2020-04-09 21:36:17,403 - D:/py_project/NER/AdversialTransferLearning/data_processor.py[line:200] - INFO: tokens: [CLS] 业 罚 款 、 乱 罚 款 和 各 种 摊 派 等 问 题 的 决 定 》 及 中 央 关 于 进 一 步 扩 大 对 外 开 放 、 提 高 利 用 外 资 水 平 的 决 策 精 神 , 切 实 减 轻 企 业 负 担 , 并 准 备 一 抓 到 底 l 、 抓 出 成 效 。 [SEP]
2020-04-09 21:36:17,403 - D:/py_project/NER/AdversialTransferLearning/data_processor.py[line:201] - INFO: input_ids: 101 689 5385 3621 510 744 5385 3621 1469 1392 4905 3033 3836 5023 7309 7579 4638 1104 2137 518 1350 704 1925 1068 754 6822 671 3635 2810 1920 2190 1912 2458 3123 510 2990 7770 1164 4500 1912 6598 3717 2398 4638 1104 5032 5125 4868 117 1147 2141 1121 6768 821 689 6566 2857 117 2400 1114 1906 671 2831 1168 2419 154 510 2831 1139 2768 3126 511 102 0 0 0 0 0 0 0 0 0 0 0 0 0 0 0 0 0 0 0 0 0 0 0 0 0 0 0 0 0 0 0 0 0 0 0 0 0 0 0 0 0 0 0 0 0 0 0 0 0 0 0 0 0 0 0 0 0 0 0 0 0 0 0 0 0 0 0 0 0 0 0 0 0 0 0 0 0
2020-04-09 21:36:17,403 - D:/py_project/NER/AdversialTransferLearning/data_processor.py[line:202] - INFO: input_mask: 1 1 1 1 1 1 1 1 1 1 1 1 1 1 1 1 1 1 1 1 1 1 1 1 1 1 1 1 1 1 1 1 1 1 1 1 1 1 1 1 1 1 1 1 1 1 1 1 1 1 1 1 1 1 1 1 1 1 1 1 1 1 1 1 1 1 1 1 1 1 1 1 1 0 0 0 0 0 0 0 0 0 0 0 0 0 0 0 0 0 0 0 0 0 0 0 0 0 0 0 0 0 0 0 0 0 0 0 0 0 0 0 0 0 0 0 0 0 0 0 0 0 0 0 0 0 0 0 0 0 0 0 0 0 0 0 0 0 0 0 0 0 0 0 0 0 0 0 0 0
2020-04-09 21:36:17,403 - D:/py_project/NER/AdversialTransferLearning/data_processor.py[line:203] - INFO: label: 4 9 9 9 9 9 9 9 9 9 9 9 9 9 9 9 9 9 9 9 9 9 9 9 9 9 9 9 9 9 9 9 9 9 9 9 9 9 9 9 9 9 9 9 9 9 9 9 9 9 9 9 9 9 9 9 9 9 9 9 9 9 9 9 9 9 9 9 9 9 9 9 8 0 0 0 0 0 0 0 0 0 0 0 0 0 0 0 0 0 0 0 0 0 0 0 0 0 0 0 0 0 0 0 0 0 0 0 0 0 0 0 0 0 0 0 0 0 0 0 0 0 0 0 0 0 0 0 0 0 0 0 0 0 0 0 0 0 0 0 0 0 0 0 0 0 0 0 0 0 
2020-04-09 21:36:17,403 - D:/py_project/NER/AdversialTransferLearning/data_processor.py[line:204] - INFO: output_mask: 1 1 1 1 1 1 1 1 1 1 1 1 1 1 1 1 1 1 1 1 1 1 1 1 1 1 1 1 1 1 1 1 1 1 1 1 1 1 1 1 1 1 1 1 1 1 1 1 1 1 1 1 1 1 1 1 1 1 1 1 1 1 1 1 1 1 1 1 1 1 1 1 1 0 0 0 0 0 0 0 0 0 0 0 0 0 0 0 0 0 0 0 0 0 0 0 0 0 0 0 0 0 0 0 0 0 0 0 0 0 0 0 0 0 0 0 0 0 0 0 0 0 0 0 0 0 0 0 0 0 0 0 0 0 0 0 0 0 0 0 0 0 0 0 0 0 0 0 0 0 
2020-04-09 21:36:17,716 - D:/py_project/NER/AdversialTransferLearning/data_processor.py[line:250] - INFO:   Num examples = 208
2020-04-09 21:36:17,716 - D:/py_project/NER/AdversialTransferLearning/data_processor.py[line:251] - INFO:   Batch size = 16
2020-04-09 21:36:17,739 - D:/py_project/NER/AdversialTransferLearning/data_processor.py[line:197] - INFO: -----------------Example-----------------
2020-04-09 21:36:17,739 - D:/py_project/NER/AdversialTransferLearning/data_processor.py[line:198] - INFO: guid: 0
2020-04-09 21:36:17,739 - D:/py_project/NER/AdversialTransferLearning/data_processor.py[line:200] - INFO: tokens: [CLS] , 通 过 演 讲 赛 、 法 律 知 识 竞 赛 , 举 行 法 律 小 品 晚 会 等 形 式 , 对 官 兵 进 行 经 常 性 教 育 , 大 力 加 强 了 官 兵 的 法 纪 观 念 , 提 高 了 整 个 部 队 的 法 制 建 设 , 杜 绝 了 各 类 违 法 乱 纪 现 象 的 发 生 。 [SEP]
2020-04-09 21:36:17,739 - D:/py_project/NER/AdversialTransferLearning/data_processor.py[line:201] - INFO: input_ids: 101 117 6858 6814 4028 6382 6612 510 3791 2526 4761 6399 4993 6612 117 715 6121 3791 2526 2207 1501 3241 833 5023 2501 2466 117 2190 2135 1070 6822 6121 5307 2382 2595 3136 5509 117 1920 1213 1217 2487 749 2135 1070 4638 3791 5279 6225 2573 117 2990 7770 749 3146 702 6956 7339 4638 3791 1169 2456 6392 117 3336 5318 749 1392 5102 6824 3791 744 5279 4385 6496 4638 1355 4495 511 102 0 0 0 0 0 0 0 0 0 0 0 0 0 0 0 0 0 0 0 0 0 0 0 0 0 0 0 0 0 0 0 0 0 0 0 0 0 0 0 0 0 0 0 0 0 0 0 0 0 0 0 0 0 0 0 0 0 0 0 0 0 0 0 0 0 0 0 0 0 0
2020-04-09 21:36:17,739 - D:/py_project/NER/AdversialTransferLearning/data_processor.py[line:202] - INFO: input_mask: 1 1 1 1 1 1 1 1 1 1 1 1 1 1 1 1 1 1 1 1 1 1 1 1 1 1 1 1 1 1 1 1 1 1 1 1 1 1 1 1 1 1 1 1 1 1 1 1 1 1 1 1 1 1 1 1 1 1 1 1 1 1 1 1 1 1 1 1 1 1 1 1 1 1 1 1 1 1 1 1 0 0 0 0 0 0 0 0 0 0 0 0 0 0 0 0 0 0 0 0 0 0 0 0 0 0 0 0 0 0 0 0 0 0 0 0 0 0 0 0 0 0 0 0 0 0 0 0 0 0 0 0 0 0 0 0 0 0 0 0 0 0 0 0 0 0 0 0 0 0
2020-04-09 21:36:17,739 - D:/py_project/NER/AdversialTransferLearning/data_processor.py[line:203] - INFO: label: 4 9 9 9 9 9 9 9 9 9 9 9 9 9 9 9 9 9 9 9 9 9 9 9 9 9 9 9 9 9 9 9 9 9 9 9 9 9 9 9 9 9 9 9 9 9 9 9 9 9 9 9 9 9 9 9 9 9 9 9 9 9 9 9 9 9 9 9 9 9 9 9 9 9 9 9 9 9 9 8 0 0 0 0 0 0 0 0 0 0 0 0 0 0 0 0 0 0 0 0 0 0 0 0 0 0 0 0 0 0 0 0 0 0 0 0 0 0 0 0 0 0 0 0 0 0 0 0 0 0 0 0 0 0 0 0 0 0 0 0 0 0 0 0 0 0 0 0 0 0 
2020-04-09 21:36:17,739 - D:/py_project/NER/AdversialTransferLearning/data_processor.py[line:204] - INFO: output_mask: 1 1 1 1 1 1 1 1 1 1 1 1 1 1 1 1 1 1 1 1 1 1 1 1 1 1 1 1 1 1 1 1 1 1 1 1 1 1 1 1 1 1 1 1 1 1 1 1 1 1 1 1 1 1 1 1 1 1 1 1 1 1 1 1 1 1 1 1 1 1 1 1 1 1 1 1 1 1 1 1 0 0 0 0 0 0 0 0 0 0 0 0 0 0 0 0 0 0 0 0 0 0 0 0 0 0 0 0 0 0 0 0 0 0 0 0 0 0 0 0 0 0 0 0 0 0 0 0 0 0 0 0 0 0 0 0 0 0 0 0 0 0 0 0 0 0 0 0 0 0 
2020-04-09 21:36:18,227 - D:/py_project/NER/AdversialTransferLearning/data_processor.py[line:250] - INFO:   Num examples = 407
2020-04-09 21:36:18,227 - D:/py_project/NER/AdversialTransferLearning/data_processor.py[line:251] - INFO:   Batch size = 16
